Compiling the CXX compiler identification source file "CMakeCXXCompilerId.cpp" failed.
Compiler: CMAKE_CXX_COMPILER-NOTFOUND 
Build flags: 
Id flags:  

The output was:
No such file or directory


Compiling the CXX compiler identification source file "CMakeCXXCompilerId.cpp" failed.
Compiler: CMAKE_CXX_COMPILER-NOTFOUND 
Build flags: 
Id flags: -c 

The output was:
No such file or directory


Compiling the CXX compiler identification source file "CMakeCXXCompilerId.cpp" failed.
Compiler: CMAKE_CXX_COMPILER-NOTFOUND 
Build flags: 
Id flags: --c++ 

The output was:
No such file or directory


Compiling the CXX compiler identification source file "CMakeCXXCompilerId.cpp" failed.
Compiler: CMAKE_CXX_COMPILER-NOTFOUND 
Build flags: 
Id flags: --ec++ 

The output was:
No such file or directory


Compiling the CXX compiler identification source file "CMakeCXXCompilerId.cpp" failed.
Compiler: CMAKE_CXX_COMPILER-NOTFOUND 
Build flags: 
Id flags: --target=arm-arm-none-eabi;-mcpu=cortex-m3 

The output was:
No such file or directory


Compiling the CXX compiler identification source file "CMakeCXXCompilerId.cpp" failed.
Compiler: CMAKE_CXX_COMPILER-NOTFOUND 
Build flags: 
Id flags:  

The output was:
No such file or directory


Compiling the CXX compiler identification source file "CMakeCXXCompilerId.cpp" failed.
Compiler: CMAKE_CXX_COMPILER-NOTFOUND 
Build flags: 
Id flags: -c 

The output was:
No such file or directory


Compiling the CXX compiler identification source file "CMakeCXXCompilerId.cpp" failed.
Compiler: CMAKE_CXX_COMPILER-NOTFOUND 
Build flags: 
Id flags: --c++ 

The output was:
No such file or directory


Compiling the CXX compiler identification source file "CMakeCXXCompilerId.cpp" failed.
Compiler: CMAKE_CXX_COMPILER-NOTFOUND 
Build flags: 
Id flags: --ec++ 

The output was:
No such file or directory


Compiling the CXX compiler identification source file "CMakeCXXCompilerId.cpp" failed.
Compiler: CMAKE_CXX_COMPILER-NOTFOUND 
Build flags: 
Id flags: --target=arm-arm-none-eabi;-mcpu=cortex-m3 

The output was:
No such file or directory


Performing C++ SOURCE FILE Test CMAKE_HAVE_LIBC_PTHREAD failed with the following output:
Change Dir: /home/aleks/hackathon/spdlog/build/CMakeFiles/CMakeTmp

Run Build Command(s):/usr/bin/make cmTC_d784a/fast && /usr/bin/make -f CMakeFiles/cmTC_d784a.dir/build.make CMakeFiles/cmTC_d784a.dir/build
make[1]: вход в каталог «/home/aleks/hackathon/spdlog/build/CMakeFiles/CMakeTmp»
Building CXX object CMakeFiles/cmTC_d784a.dir/src.cxx.o
/usr/bin/g++    -DCMAKE_HAVE_LIBC_PTHREAD   -std=c++11 -o CMakeFiles/cmTC_d784a.dir/src.cxx.o -c /home/aleks/hackathon/spdlog/build/CMakeFiles/CMakeTmp/src.cxx
Linking CXX executable cmTC_d784a
/usr/bin/cmake -E cmake_link_script CMakeFiles/cmTC_d784a.dir/link.txt --verbose=1
/usr/bin/g++   -DCMAKE_HAVE_LIBC_PTHREAD    CMakeFiles/cmTC_d784a.dir/src.cxx.o  -o cmTC_d784a 
/usr/bin/ld: CMakeFiles/cmTC_d784a.dir/src.cxx.o: в функции «main»:
src.cxx:(.text+0x46): неопределённая ссылка на «pthread_create»
/usr/bin/ld: src.cxx:(.text+0x52): неопределённая ссылка на «pthread_detach»
/usr/bin/ld: src.cxx:(.text+0x63): неопределённая ссылка на «pthread_join»
collect2: error: ld returned 1 exit status
make[1]: *** [CMakeFiles/cmTC_d784a.dir/build.make:87: cmTC_d784a] Ошибка 1
make[1]: выход из каталога «/home/aleks/hackathon/spdlog/build/CMakeFiles/CMakeTmp»
make: *** [Makefile:121: cmTC_d784a/fast] Ошибка 2


Source file was:
#include <pthread.h>

void* test_func(void* data)
{
  return data;
}

int main(void)
{
  pthread_t thread;
  pthread_create(&thread, NULL, test_func, NULL);
  pthread_detach(thread);
  pthread_join(thread, NULL);
  pthread_atfork(NULL, NULL, NULL);
  pthread_exit(NULL);

  return 0;
}

Determining if the function pthread_create exists in the pthreads failed with the following output:
Change Dir: /home/aleks/hackathon/spdlog/build/CMakeFiles/CMakeTmp

Run Build Command(s):/usr/bin/make cmTC_11cb0/fast && /usr/bin/make -f CMakeFiles/cmTC_11cb0.dir/build.make CMakeFiles/cmTC_11cb0.dir/build
make[1]: вход в каталог «/home/aleks/hackathon/spdlog/build/CMakeFiles/CMakeTmp»
Building CXX object CMakeFiles/cmTC_11cb0.dir/CheckFunctionExists.cxx.o
/usr/bin/g++    -DCHECK_FUNCTION_EXISTS=pthread_create   -std=c++11 -o CMakeFiles/cmTC_11cb0.dir/CheckFunctionExists.cxx.o -c /home/aleks/hackathon/spdlog/build/CMakeFiles/CheckLibraryExists/CheckFunctionExists.cxx
Linking CXX executable cmTC_11cb0
/usr/bin/cmake -E cmake_link_script CMakeFiles/cmTC_11cb0.dir/link.txt --verbose=1
/usr/bin/g++   -DCHECK_FUNCTION_EXISTS=pthread_create    CMakeFiles/cmTC_11cb0.dir/CheckFunctionExists.cxx.o  -o cmTC_11cb0  -lpthreads 
/usr/bin/ld: невозможно найти -lpthreads
collect2: error: ld returned 1 exit status
make[1]: *** [CMakeFiles/cmTC_11cb0.dir/build.make:87: cmTC_11cb0] Ошибка 1
make[1]: выход из каталога «/home/aleks/hackathon/spdlog/build/CMakeFiles/CMakeTmp»
make: *** [Makefile:121: cmTC_11cb0/fast] Ошибка 2



